[debug] [2021-03-19T11:05:13.929Z] ----------------------------------------------------------------------
[debug] [2021-03-19T11:05:13.931Z] Command:       C:\Program Files\nodejs\node.exe C:\Users\ASUS\AppData\Roaming\npm\node_modules\firebase-tools\lib\bin\firebase.js init
[debug] [2021-03-19T11:05:13.931Z] CLI Version:   8.14.1
[debug] [2021-03-19T11:05:13.931Z] Platform:      win32
[debug] [2021-03-19T11:05:13.931Z] Node Version:  v15.8.0
[debug] [2021-03-19T11:05:13.932Z] Time:          Fri Mar 19 2021 16:35:13 GMT+0530 (India Standard Time)
[debug] [2021-03-19T11:05:13.933Z] ----------------------------------------------------------------------
[debug] [2021-03-19T11:05:13.933Z] 
[debug] [2021-03-19T11:05:13.937Z] > command requires scopes: ["email","openid","https://www.googleapis.com/auth/cloudplatformprojects.readonly","https://www.googleapis.com/auth/firebase","https://www.googleapis.com/auth/cloud-platform"]
[debug] [2021-03-19T11:05:13.938Z] > authorizing via signed-in user
[info] 
     ######## #### ########  ######## ########     ###     ######  ########
     ##        ##  ##     ## ##       ##     ##  ##   ##  ##       ##
     ######    ##  ########  ######   ########  #########  ######  ######
     ##        ##  ##    ##  ##       ##     ## ##     ##       ## ##
     ##       #### ##     ## ######## ########  ##     ##  ######  ########

You're about to initialize a Firebase project in this directory:

  G:\slack_clone\slack-app

Before we get started, keep in mind:

  * You are initializing in an existing Firebase project directory

